# JRE version: OpenJDK Runtime Environment (11.0.15) (build 11.0.15+0-b2043.56-9505619)
# Java VM: OpenJDK 64-Bit Server VM (11.0.15+0-b2043.56-9505619, mixed mode, tiered, compressed oops, g1 gc, windows-amd64)
Heap:
 garbage-first heap   total 319488K, used 188216K [0x0000000080000000, 0x0000000100000000)
  region size 1024K, 77 young (78848K), 7 survivors (7168K)
 Metaspace       used 94223K, capacity 96727K, committed 97072K, reserved 1134592K
  class space    used 12047K, capacity 12987K, committed 13080K, reserved 1048576K
GC Heap History (20 events):
Event: 34.778 GC heap before
{Heap before GC invocations=52 (full 0):
 garbage-first heap   total 145408K, used 121811K [0x0000000080000000, 0x0000000100000000)
  region size 1024K, 23 young (23552K), 3 survivors (3072K)
 Metaspace       used 93931K, capacity 96389K, committed 96560K, reserved 1132544K
  class space    used 12042K, capacity 12977K, committed 13080K, reserved 1048576K
}
Event: 34.784 GC heap after
{Heap after GC invocations=53 (full 0):
 garbage-first heap   total 186368K, used 103800K [0x0000000080000000, 0x0000000100000000)
  region size 1024K, 2 young (2048K), 2 survivors (2048K)
 Metaspace       used 93931K, capacity 96389K, committed 96560K, reserved 1132544K
  class space    used 12042K, capacity 12977K, committed 13080K, reserved 1048576K
}
Event: 34.939 GC heap before
{Heap before GC invocations=54 (full 0):
 garbage-first heap   total 186368K, used 140664K [0x0000000080000000, 0x0000000100000000)
  region size 1024K, 39 young (39936K), 2 survivors (2048K)
 Metaspace       used 93956K, capacity 96396K, committed 96560K, reserved 1132544K
  class space    used 12042K, capacity 12977K, committed 13080K, reserved 1048576K
}
Event: 34.944 GC heap after
{Heap after GC invocations=55 (full 0):
 garbage-first heap   total 186368K, used 107253K [0x0000000080000000, 0x0000000100000000)
  region size 1024K, 5 young (5120K), 5 survivors (5120K)
 Metaspace       used 93956K, capacity 96396K, committed 96560K, reserved 1132544K
  class space    used 12042K, capacity 12977K, committed 13080K, reserved 1048576K
}
Event: 35.070 GC heap before
{Heap before GC invocations=55 (full 0):
 garbage-first heap   total 186368K, used 142069K [0x0000000080000000, 0x0000000100000000)
  region size 1024K, 40 young (40960K), 5 survivors (5120K)
 Metaspace       used 94016K, capacity 96469K, committed 96816K, reserved 1132544K
  class space    used 12042K, capacity 12978K, committed 13080K, reserved 1048576K
}
Event: 35.075 GC heap after
{Heap after GC invocations=56 (full 0):
 garbage-first heap   total 186368K, used 110302K [0x0000000080000000, 0x0000000100000000)
  region size 1024K, 4 young (4096K), 4 survivors (4096K)
 Metaspace       used 94016K, capacity 96469K, committed 96816K, reserved 1132544K
  class space    used 12042K, capacity 12978K, committed 13080K, reserved 1048576K
}
Event: 35.343 GC heap before
{Heap before GC invocations=57 (full 0):
 garbage-first heap   total 186368K, used 146142K [0x0000000080000000, 0x0000000100000000)
  region size 1024K, 39 young (39936K), 4 survivors (4096K)
 Metaspace       used 94020K, capacity 96469K, committed 96816K, reserved 1132544K
  class space    used 12042K, capacity 12978K, committed 13080K, reserved 1048576K
}
Event: 35.348 GC heap after
{Heap after GC invocations=58 (full 0):
 garbage-first heap   total 186368K, used 112087K [0x0000000080000000, 0x0000000100000000)
  region size 1024K, 4 young (4096K), 4 survivors (4096K)
 Metaspace       used 94020K, capacity 96469K, committed 96816K, reserved 1132544K
  class space    used 12042K, capacity 12978K, committed 13080K, reserved 1048576K
}
Event: 35.357 GC heap before
{Heap before GC invocations=58 (full 0):
 garbage-first heap   total 186368K, used 117207K [0x0000000080000000, 0x0000000100000000)
  region size 1024K, 9 young (9216K), 4 survivors (4096K)
 Metaspace       used 94020K, capacity 96469K, committed 96816K, reserved 1132544K
  class space    used 12042K, capacity 12978K, committed 13080K, reserved 1048576K
}
Event: 35.363 GC heap after
{Heap after GC invocations=59 (full 0):
 garbage-first heap   total 266240K, used 110347K [0x0000000080000000, 0x0000000100000000)
  region size 1024K, 1 young (1024K), 1 survivors (1024K)
 Metaspace       used 94020K, capacity 96469K, committed 96816K, reserved 1132544K
  class space    used 12042K, capacity 12978K, committed 13080K, reserved 1048576K
}
Event: 35.646 GC heap before
{Heap before GC invocations=59 (full 0):
 garbage-first heap   total 266240K, used 179979K [0x0000000080000000, 0x0000000100000000)
  region size 1024K, 70 young (71680K), 1 survivors (1024K)
 Metaspace       used 94083K, capacity 96638K, committed 96816K, reserved 1132544K
  class space    used 12045K, capacity 12984K, committed 13080K, reserved 1048576K
}
Event: 35.649 GC heap after
{Heap after GC invocations=60 (full 0):
 garbage-first heap   total 266240K, used 110852K [0x0000000080000000, 0x0000000100000000)
  region size 1024K, 2 young (2048K), 2 survivors (2048K)
 Metaspace       used 94083K, capacity 96638K, committed 96816K, reserved 1132544K
  class space    used 12045K, capacity 12984K, committed 13080K, reserved 1048576K
}
Event: 35.834 GC heap before
{Heap before GC invocations=60 (full 0):
 garbage-first heap   total 266240K, used 188676K [0x0000000080000000, 0x0000000100000000)
  region size 1024K, 79 young (80896K), 2 survivors (2048K)
 Metaspace       used 94114K, capacity 96641K, committed 96816K, reserved 1132544K
  class space    used 12045K, capacity 12984K, committed 13080K, reserved 1048576K
}
Event: 35.837 GC heap after
{Heap after GC invocations=61 (full 0):
 garbage-first heap   total 266240K, used 111479K [0x0000000080000000, 0x0000000100000000)
  region size 1024K, 2 young (2048K), 2 survivors (2048K)
 Metaspace       used 94114K, capacity 96641K, committed 96816K, reserved 1132544K
  class space    used 12045K, capacity 12984K, committed 13080K, reserved 1048576K
}
Event: 36.332 GC heap before
{Heap before GC invocations=61 (full 0):
 garbage-first heap   total 266240K, used 196471K [0x0000000080000000, 0x0000000100000000)
  region size 1024K, 85 young (87040K), 2 survivors (2048K)
 Metaspace       used 94162K, capacity 96641K, committed 96816K, reserved 1132544K
  class space    used 12045K, capacity 12984K, committed 13080K, reserved 1048576K
}
Event: 36.336 GC heap after
{Heap after GC invocations=62 (full 0):
 garbage-first heap   total 266240K, used 114027K [0x0000000080000000, 0x0000000100000000)
  region size 1024K, 5 young (5120K), 5 survivors (5120K)
 Metaspace       used 94162K, capacity 96641K, committed 96816K, reserved 1132544K
  class space    used 12045K, capacity 12984K, committed 13080K, reserved 1048576K
}
Event: 36.932 GC heap before
{Heap before GC invocations=62 (full 0):
 garbage-first heap   total 266240K, used 201067K [0x0000000080000000, 0x0000000100000000)
  region size 1024K, 90 young (92160K), 5 survivors (5120K)
 Metaspace       used 94175K, capacity 96653K, committed 96816K, reserved 1132544K
  class space    used 12047K, capacity 12986K, committed 13080K, reserved 1048576K
}
Event: 36.938 GC heap after
{Heap after GC invocations=63 (full 0):
 garbage-first heap   total 266240K, used 117953K [0x0000000080000000, 0x0000000100000000)
  region size 1024K, 8 young (8192K), 8 survivors (8192K)
 Metaspace       used 94175K, capacity 96653K, committed 96816K, reserved 1132544K
  class space    used 12047K, capacity 12986K, committed 13080K, reserved 1048576K
}
Event: 37.550 GC heap before
{Heap before GC invocations=63 (full 0):
 garbage-first heap   total 266240K, used 206017K [0x0000000080000000, 0x0000000100000000)
  region size 1024K, 95 young (97280K), 8 survivors (8192K)
 Metaspace       used 94223K, capacity 96727K, committed 97072K, reserved 1134592K
  class space    used 12047K, capacity 12987K, committed 13080K, reserved 1048576K
}
Event: 37.566 GC heap after
{Heap after GC invocations=64 (full 0):
 garbage-first heap   total 319488K, used 117560K [0x0000000080000000, 0x0000000100000000)
  region size 1024K, 7 young (7168K), 7 survivors (7168K)
 Metaspace       used 94223K, capacity 96727K, committed 97072K, reserved 1134592K
  class space    used 12047K, capacity 12987K, committed 13080K, reserved 1048576K
}

