# JRE version: OpenJDK Runtime Environment (11.0.15) (build 11.0.15+0-b2043.56-9505619)
# Java VM: OpenJDK 64-Bit Server VM (11.0.15+0-b2043.56-9505619, mixed mode, tiered, compressed oops, g1 gc, windows-amd64)
Heap:
 garbage-first heap   total 253952K, used 110659K [0x0000000080000000, 0x0000000100000000)
  region size 1024K, 14 young (14336K), 2 survivors (2048K)
 Metaspace       used 97163K, capacity 99844K, committed 100144K, reserved 1136640K
  class space    used 12267K, capacity 13282K, committed 13336K, reserved 1048576K
GC Heap History (20 events):
Event: 24.993 GC heap before
{Heap before GC invocations=29 (full 0):
 garbage-first heap   total 175104K, used 114680K [0x0000000080000000, 0x0000000100000000)
  region size 1024K, 18 young (18432K), 5 survivors (5120K)
 Metaspace       used 89847K, capacity 92272K, committed 92592K, reserved 1130496K
  class space    used 11566K, capacity 12496K, committed 12696K, reserved 1048576K
}
Event: 25.003 GC heap after
{Heap after GC invocations=30 (full 0):
 garbage-first heap   total 175104K, used 105665K [0x0000000080000000, 0x0000000100000000)
  region size 1024K, 3 young (3072K), 3 survivors (3072K)
 Metaspace       used 89847K, capacity 92272K, committed 92592K, reserved 1130496K
  class space    used 11566K, capacity 12496K, committed 12696K, reserved 1048576K
}
Event: 25.653 GC heap before
{Heap before GC invocations=31 (full 0):
 garbage-first heap   total 175104K, used 136385K [0x0000000080000000, 0x0000000100000000)
  region size 1024K, 26 young (26624K), 3 survivors (3072K)
 Metaspace       used 90041K, capacity 92451K, committed 92848K, reserved 1130496K
  class space    used 11579K, capacity 12511K, committed 12696K, reserved 1048576K
}
Event: 25.664 GC heap after
{Heap after GC invocations=32 (full 0):
 garbage-first heap   total 175104K, used 108241K [0x0000000080000000, 0x0000000100000000)
  region size 1024K, 4 young (4096K), 4 survivors (4096K)
 Metaspace       used 90041K, capacity 92451K, committed 92848K, reserved 1130496K
  class space    used 11579K, capacity 12511K, committed 12696K, reserved 1048576K
}
Event: 25.919 GC heap before
{Heap before GC invocations=32 (full 0):
 garbage-first heap   total 175104K, used 118481K [0x0000000080000000, 0x0000000100000000)
  region size 1024K, 16 young (16384K), 4 survivors (4096K)
 Metaspace       used 90068K, capacity 92547K, committed 92848K, reserved 1130496K
  class space    used 11581K, capacity 12543K, committed 12696K, reserved 1048576K
}
Event: 25.933 GC heap after
{Heap after GC invocations=33 (full 0):
 garbage-first heap   total 175104K, used 113335K [0x0000000080000000, 0x0000000100000000)
  region size 1024K, 4 young (4096K), 4 survivors (4096K)
 Metaspace       used 90068K, capacity 92547K, committed 92848K, reserved 1130496K
  class space    used 11581K, capacity 12543K, committed 12696K, reserved 1048576K
}
Event: 26.427 GC heap before
{Heap before GC invocations=34 (full 0):
 garbage-first heap   total 175104K, used 149175K [0x0000000080000000, 0x0000000100000000)
  region size 1024K, 23 young (23552K), 4 survivors (4096K)
 Metaspace       used 90521K, capacity 93084K, committed 93360K, reserved 1130496K
  class space    used 11620K, capacity 12578K, committed 12696K, reserved 1048576K
}
Event: 26.440 GC heap after
{Heap after GC invocations=35 (full 0):
 garbage-first heap   total 210944K, used 116638K [0x0000000080000000, 0x0000000100000000)
  region size 1024K, 3 young (3072K), 3 survivors (3072K)
 Metaspace       used 90521K, capacity 93084K, committed 93360K, reserved 1130496K
  class space    used 11620K, capacity 12578K, committed 12696K, reserved 1048576K
}
Event: 27.110 GC heap before
{Heap before GC invocations=35 (full 0):
 garbage-first heap   total 210944K, used 146334K [0x0000000080000000, 0x0000000100000000)
  region size 1024K, 33 young (33792K), 3 survivors (3072K)
 Metaspace       used 92792K, capacity 95348K, committed 95664K, reserved 1132544K
  class space    used 11825K, capacity 12826K, committed 12952K, reserved 1048576K
}
Event: 27.129 GC heap after
{Heap after GC invocations=36 (full 0):
 garbage-first heap   total 210944K, used 121338K [0x0000000080000000, 0x0000000100000000)
  region size 1024K, 5 young (5120K), 5 survivors (5120K)
 Metaspace       used 92792K, capacity 95348K, committed 95664K, reserved 1132544K
  class space    used 11825K, capacity 12826K, committed 12952K, reserved 1048576K
}
Event: 27.675 GC heap before
{Heap before GC invocations=37 (full 0):
 garbage-first heap   total 210944K, used 138746K [0x0000000080000000, 0x0000000100000000)
  region size 1024K, 35 young (35840K), 5 survivors (5120K)
 Metaspace       used 93997K, capacity 96599K, committed 96688K, reserved 1132544K
  class space    used 11923K, capacity 12922K, committed 12952K, reserved 1048576K
}
Event: 27.685 GC heap after
{Heap after GC invocations=38 (full 0):
 garbage-first heap   total 210944K, used 111487K [0x0000000080000000, 0x0000000100000000)
  region size 1024K, 3 young (3072K), 3 survivors (3072K)
 Metaspace       used 93997K, capacity 96599K, committed 96688K, reserved 1132544K
  class space    used 11923K, capacity 12922K, committed 12952K, reserved 1048576K
}
Event: 27.729 GC heap before
{Heap before GC invocations=38 (full 0):
 garbage-first heap   total 210944K, used 118655K [0x0000000080000000, 0x0000000100000000)
  region size 1024K, 10 young (10240K), 3 survivors (3072K)
 Metaspace       used 94038K, capacity 96663K, committed 96944K, reserved 1134592K
  class space    used 11923K, capacity 12922K, committed 12952K, reserved 1048576K
}
Event: 27.734 GC heap after
{Heap after GC invocations=39 (full 0):
 garbage-first heap   total 210944K, used 97832K [0x0000000080000000, 0x0000000100000000)
  region size 1024K, 1 young (1024K), 1 survivors (1024K)
 Metaspace       used 94038K, capacity 96663K, committed 96944K, reserved 1134592K
  class space    used 11923K, capacity 12922K, committed 12952K, reserved 1048576K
}
Event: 28.200 GC heap before
{Heap before GC invocations=39 (full 0):
 garbage-first heap   total 210944K, used 138792K [0x0000000080000000, 0x0000000100000000)
  region size 1024K, 42 young (43008K), 1 survivors (1024K)
 Metaspace       used 95026K, capacity 97748K, committed 97840K, reserved 1134592K
  class space    used 12024K, capacity 13045K, committed 13080K, reserved 1048576K
}
Event: 28.208 GC heap after
{Heap after GC invocations=40 (full 0):
 garbage-first heap   total 210944K, used 99723K [0x0000000080000000, 0x0000000100000000)
  region size 1024K, 3 young (3072K), 3 survivors (3072K)
 Metaspace       used 95026K, capacity 97748K, committed 97840K, reserved 1134592K
  class space    used 12024K, capacity 13045K, committed 13080K, reserved 1048576K
}
Event: 29.319 GC heap before
{Heap before GC invocations=41 (full 0):
 garbage-first heap   total 210944K, used 143755K [0x0000000080000000, 0x0000000100000000)
  region size 1024K, 47 young (48128K), 3 survivors (3072K)
 Metaspace       used 96283K, capacity 98998K, committed 99248K, reserved 1136640K
  class space    used 12166K, capacity 13173K, committed 13208K, reserved 1048576K
}
Event: 29.335 GC heap after
{Heap after GC invocations=42 (full 0):
 garbage-first heap   total 253952K, used 100133K [0x0000000080000000, 0x0000000100000000)
  region size 1024K, 4 young (4096K), 4 survivors (4096K)
 Metaspace       used 96283K, capacity 98998K, committed 99248K, reserved 1136640K
  class space    used 12166K, capacity 13173K, committed 13208K, reserved 1048576K
}
Event: 29.823 GC heap before
{Heap before GC invocations=42 (full 0):
 garbage-first heap   total 253952K, used 107301K [0x0000000080000000, 0x0000000100000000)
  region size 1024K, 12 young (12288K), 4 survivors (4096K)
 Metaspace       used 96687K, capacity 99309K, committed 99632K, reserved 1136640K
  class space    used 12219K, capacity 13211K, committed 13336K, reserved 1048576K
}
Event: 29.831 GC heap after
{Heap after GC invocations=43 (full 0):
 garbage-first heap   total 253952K, used 100419K [0x0000000080000000, 0x0000000100000000)
  region size 1024K, 2 young (2048K), 2 survivors (2048K)
 Metaspace       used 96687K, capacity 99309K, committed 99632K, reserved 1136640K
  class space    used 12219K, capacity 13211K, committed 13336K, reserved 1048576K
}

