# JRE version: OpenJDK Runtime Environment (11.0.15) (build 11.0.15+0-b2043.56-9505619)
# Java VM: OpenJDK 64-Bit Server VM (11.0.15+0-b2043.56-9505619, mixed mode, tiered, compressed oops, g1 gc, windows-amd64)
Heap:
 garbage-first heap   total 366592K, used 215352K [0x0000000080000000, 0x0000000100000000)
  region size 1024K, 2 young (2048K), 2 survivors (2048K)
 Metaspace       used 129199K, capacity 132846K, committed 132988K, reserved 1165312K
  class space    used 15751K, capacity 17092K, committed 17152K, reserved 1048576K
GC Heap History (20 events):
Event: 137.480 GC heap after
{Heap after GC invocations=105 (full 0):
 garbage-first heap   total 305152K, used 229028K [0x0000000080000000, 0x0000000100000000)
  region size 1024K, 4 young (4096K), 4 survivors (4096K)
 Metaspace       used 124925K, capacity 128511K, committed 128764K, reserved 1161216K
  class space    used 15397K, capacity 16744K, committed 16768K, reserved 1048576K
}
Event: 137.791 GC heap before
{Heap before GC invocations=105 (full 0):
 garbage-first heap   total 305152K, used 241316K [0x0000000080000000, 0x0000000100000000)
  region size 1024K, 14 young (14336K), 4 survivors (4096K)
 Metaspace       used 124952K, capacity 128575K, committed 128764K, reserved 1161216K
  class space    used 15399K, capacity 16744K, committed 16768K, reserved 1048576K
}
Event: 137.808 GC heap after
{Heap after GC invocations=106 (full 0):
 garbage-first heap   total 305152K, used 234691K [0x0000000080000000, 0x0000000100000000)
  region size 1024K, 2 young (2048K), 2 survivors (2048K)
 Metaspace       used 124952K, capacity 128575K, committed 128764K, reserved 1161216K
  class space    used 15399K, capacity 16744K, committed 16768K, reserved 1048576K
}
Event: 137.822 GC heap before
{Heap before GC invocations=106 (full 0):
 garbage-first heap   total 305152K, used 234691K [0x0000000080000000, 0x0000000100000000)
  region size 1024K, 3 young (3072K), 2 survivors (2048K)
 Metaspace       used 124952K, capacity 128575K, committed 128764K, reserved 1161216K
  class space    used 15399K, capacity 16744K, committed 16768K, reserved 1048576K
}
Event: 137.832 GC heap after
{Heap after GC invocations=107 (full 0):
 garbage-first heap   total 305152K, used 235540K [0x0000000080000000, 0x0000000100000000)
  region size 1024K, 1 young (1024K), 1 survivors (1024K)
 Metaspace       used 124952K, capacity 128575K, committed 128764K, reserved 1161216K
  class space    used 15399K, capacity 16744K, committed 16768K, reserved 1048576K
}
Event: 138.113 GC heap before
{Heap before GC invocations=107 (full 0):
 garbage-first heap   total 305152K, used 264212K [0x0000000080000000, 0x0000000100000000)
  region size 1024K, 16 young (16384K), 1 survivors (1024K)
 Metaspace       used 125246K, capacity 128958K, committed 129020K, reserved 1161216K
  class space    used 15419K, capacity 16755K, committed 16768K, reserved 1048576K
}
Event: 138.118 GC heap after
{Heap after GC invocations=108 (full 0):
 garbage-first heap   total 305152K, used 240076K [0x0000000080000000, 0x0000000100000000)
  region size 1024K, 2 young (2048K), 2 survivors (2048K)
 Metaspace       used 125246K, capacity 128958K, committed 129020K, reserved 1161216K
  class space    used 15419K, capacity 16755K, committed 16768K, reserved 1048576K
}
Event: 138.209 GC heap before
{Heap before GC invocations=108 (full 0):
 garbage-first heap   total 305152K, used 254412K [0x0000000080000000, 0x0000000100000000)
  region size 1024K, 17 young (17408K), 2 survivors (2048K)
 Metaspace       used 125495K, capacity 129161K, committed 129404K, reserved 1161216K
  class space    used 15451K, capacity 16794K, committed 16896K, reserved 1048576K
}
Event: 138.215 GC heap after
{Heap after GC invocations=109 (full 0):
 garbage-first heap   total 305152K, used 243208K [0x0000000080000000, 0x0000000100000000)
  region size 1024K, 3 young (3072K), 3 survivors (3072K)
 Metaspace       used 125495K, capacity 129161K, committed 129404K, reserved 1161216K
  class space    used 15451K, capacity 16794K, committed 16896K, reserved 1048576K
}
Event: 138.638 GC heap before
{Heap before GC invocations=110 (full 0):
 garbage-first heap   total 305152K, used 256520K [0x0000000080000000, 0x0000000100000000)
  region size 1024K, 17 young (17408K), 3 survivors (3072K)
 Metaspace       used 127554K, capacity 131243K, committed 131580K, reserved 1163264K
  class space    used 15621K, capacity 16966K, committed 17024K, reserved 1048576K
}
Event: 138.644 GC heap after
{Heap after GC invocations=111 (full 0):
 garbage-first heap   total 305152K, used 244662K [0x0000000080000000, 0x0000000100000000)
  region size 1024K, 2 young (2048K), 2 survivors (2048K)
 Metaspace       used 127554K, capacity 131243K, committed 131580K, reserved 1163264K
  class space    used 15621K, capacity 16966K, committed 17024K, reserved 1048576K
}
Event: 138.817 GC heap before
{Heap before GC invocations=111 (full 0):
 garbage-first heap   total 305152K, used 257974K [0x0000000080000000, 0x0000000100000000)
  region size 1024K, 14 young (14336K), 2 survivors (2048K)
 Metaspace       used 128143K, capacity 131825K, committed 132220K, reserved 1165312K
  class space    used 15677K, capacity 17031K, committed 17152K, reserved 1048576K
}
Event: 138.827 GC heap after
{Heap after GC invocations=112 (full 0):
 garbage-first heap   total 305152K, used 244713K [0x0000000080000000, 0x0000000100000000)
  region size 1024K, 2 young (2048K), 2 survivors (2048K)
 Metaspace       used 128143K, capacity 131825K, committed 132220K, reserved 1165312K
  class space    used 15677K, capacity 17031K, committed 17152K, reserved 1048576K
}
Event: 138.991 GC heap before
{Heap before GC invocations=112 (full 0):
 garbage-first heap   total 305152K, used 260073K [0x0000000080000000, 0x0000000100000000)
  region size 1024K, 17 young (17408K), 2 survivors (2048K)
 Metaspace       used 128391K, capacity 132086K, committed 132476K, reserved 1165312K
  class space    used 15688K, capacity 17031K, committed 17152K, reserved 1048576K
}
Event: 139.001 GC heap after
{Heap after GC invocations=113 (full 0):
 garbage-first heap   total 305152K, used 245615K [0x0000000080000000, 0x0000000100000000)
  region size 1024K, 3 young (3072K), 3 survivors (3072K)
 Metaspace       used 128391K, capacity 132086K, committed 132476K, reserved 1165312K
  class space    used 15688K, capacity 17031K, committed 17152K, reserved 1048576K
}
Event: 139.325 GC heap before
{Heap before GC invocations=113 (full 0):
 garbage-first heap   total 305152K, used 240495K [0x0000000080000000, 0x0000000100000000)
  region size 1024K, 18 young (18432K), 3 survivors (3072K)
 Metaspace       used 128702K, capacity 132386K, committed 132732K, reserved 1165312K
  class space    used 15706K, capacity 17049K, committed 17152K, reserved 1048576K
}
Event: 139.332 GC heap after
{Heap after GC invocations=114 (full 0):
 garbage-first heap   total 305152K, used 227174K [0x0000000080000000, 0x0000000100000000)
  region size 1024K, 3 young (3072K), 3 survivors (3072K)
 Metaspace       used 128702K, capacity 132386K, committed 132732K, reserved 1165312K
  class space    used 15706K, capacity 17049K, committed 17152K, reserved 1048576K
}
Event: 139.531 GC heap before
{Heap before GC invocations=115 (full 0):
 garbage-first heap   total 305152K, used 249702K [0x0000000080000000, 0x0000000100000000)
  region size 1024K, 26 young (26624K), 3 survivors (3072K)
 Metaspace       used 129105K, capacity 132759K, committed 132988K, reserved 1165312K
  class space    used 15742K, capacity 17083K, committed 17152K, reserved 1048576K
}
Event: 139.540 GC heap after
{Heap after GC invocations=116 (full 0):
 garbage-first heap   total 305152K, used 228358K [0x0000000080000000, 0x0000000100000000)
  region size 1024K, 3 young (3072K), 3 survivors (3072K)
 Metaspace       used 129105K, capacity 132759K, committed 132988K, reserved 1165312K
  class space    used 15742K, capacity 17083K, committed 17152K, reserved 1048576K
}
Event: 139.585 GC heap before
{Heap before GC invocations=116 (full 0):
 garbage-first heap   total 305152K, used 238598K [0x0000000080000000, 0x0000000100000000)
  region size 1024K, 14 young (14336K), 3 survivors (3072K)
 Metaspace       used 129199K, capacity 132846K, committed 132988K, reserved 1165312K
  class space    used 15751K, capacity 17092K, committed 17152K, reserved 1048576K
}

